app/build/intermediates/manifest_merge_blame_file/debug/processDebugMainManifest/manifest-merger-blame-debug-report.txt
1<?xml version="1.0" encoding="utf-8"?>
2<manifest xmlns:android="http://schemas.android.com/apk/res/android"
3    package="com.example.individualsportapp"
4    android:versionCode="1"
5    android:versionName="1.0" >
6
7    <uses-sdk
8        android:minSdkVersion="23"
9        android:targetSdkVersion="33" />
10
11    <uses-permission android:name="android.permission.POST_NOTIFICATIONS" />
11-->src\main\AndroidManifest.xml:3:5-77
11-->src\main\AndroidManifest.xml:3:22-74
12
13    <application
13-->src\main\AndroidManifest.xml:5:5-20:19
14        android:allowBackup="true"
14-->src\main\AndroidManifest.xml:6:9-35
15        android:debuggable="true"
16        android:extractNativeLibs="false"
17        android:icon="@drawable/ic_launcher_foreground"
17-->src\main\AndroidManifest.xml:7:9-56
18        android:label="@string/app_name"
18-->src\main\AndroidManifest.xml:8:9-41
19        android:roundIcon="@drawable/ic_launcher_foreground"
19-->src\main\AndroidManifest.xml:9:9-61
20        android:supportsRtl="true"
20-->src\main\AndroidManifest.xml:10:9-35
21        android:testOnly="true"
22        android:theme="@style/Theme.IndividualSportApp" >
22-->src\main\AndroidManifest.xml:11:9-56
23        <activity
23-->src\main\AndroidManifest.xml:12:9-19:20
24            android:name="com.example.individualsportapp.MainActivity"
24-->src\main\AndroidManifest.xml:13:13-41
25            android:exported="true" >
25-->src\main\AndroidManifest.xml:14:13-36
26            <intent-filter>
26-->src\main\AndroidManifest.xml:15:13-18:29
27                <action android:name="android.intent.action.MAIN" />
27-->src\main\AndroidManifest.xml:16:17-69
27-->src\main\AndroidManifest.xml:16:25-66
28
29                <category android:name="android.intent.category.LAUNCHER" />
29-->src\main\AndroidManifest.xml:17:17-77
29-->src\main\AndroidManifest.xml:17:27-74
30            </intent-filter>
31        </activity>
32    </application>
33
34</manifest>